#
# There is insufficient memory for the Java Runtime Environment to continue.
# Native memory allocation (mmap) failed to map 266338304 bytes. Error detail: G1 virtual space
# Possible reasons:
#   The system is out of physical RAM or swap space
#   This process is running with CompressedOops enabled, and the Java Heap may be blocking the growth of the native heap
# Possible solutions:
#   Reduce memory load on the system
#   Increase physical memory or swap space
#   Check if swap backing store is full
#   Decrease Java heap size (-Xmx/-Xms)
#   Decrease number of Java threads
#   Decrease Java thread stack sizes (-Xss)
#   Set larger code cache with -XX:ReservedCodeCacheSize=
#   JVM is running with Zero Based Compressed Oops mode in which the Java heap is
#     placed in the first 32GB address space. The Java Heap base address is the
#     maximum limit for the native heap growth. Please use -XX:HeapBaseMinAddress
#     to set the Java Heap base and to place the Java Heap above 32GB virtual address.
# This output file may be truncated or incomplete.
#
#  Out of Memory Error (os_windows.cpp:3925), pid=12212, tid=23404
#
# JRE version:  (21.0.9) (build )
# Java VM: OpenJDK 64-Bit Server VM (21.0.9+-14787801-b1163.94, mixed mode, sharing, tiered, compressed oops, compressed class ptrs, g1 gc, windows-amd64)
# No core dump will be written. Minidumps are not enabled by default on client versions of Windows
#

---------------  S U M M A R Y ------------

Command Line: org.jetbrains.kotlin.cli.jvm.K2JVMCompiler @C:\Users\HP_PC\StudioProjects\covoiturage_benin_app\build\file_selector_android\20260708_3084497951409740562.compiler.options

Host: Intel(R) Core(TM) i7-8565U CPU @ 1.80GHz, 8 cores, 15G,  Windows 11 , 64 bit Build 26100 (10.0.26100.8521)
Time: Wed Jul  8 02:05:50 2026 Afr. centrale Ouest elapsed time: 0.783773 seconds (0d 0h 0m 0s)

---------------  T H R E A D  ---------------

Current thread (0x0000028fef43f5f0):  JavaThread "Unknown thread" [_thread_in_vm, id=23404, stack(0x000000bc45d00000,0x000000bc45e00000) (1024K)]

Stack: [0x000000bc45d00000,0x000000bc45e00000]
Native frames: (J=compiled Java code, j=interpreted, Vv=VM code, C=native code)
V  [jvm.dll+0x6d6c99]
V  [jvm.dll+0x866b83]
V  [jvm.dll+0x8691ae]
V  [jvm.dll+0x869893]
V  [jvm.dll+0x280776]
V  [jvm.dll+0x6d3555]
V  [jvm.dll+0x6c6bea]
V  [jvm.dll+0x3587fb]
V  [jvm.dll+0x360476]
V  [jvm.dll+0x3b2646]
V  [jvm.dll+0x3b2918]
V  [jvm.dll+0x32af0c]
V  [jvm.dll+0x32bbfb]
V  [jvm.dll+0x82e839]
V  [jvm.dll+0x3bf818]
V  [jvm.dll+0x8179d8]
V  [jvm.dll+0x453cbe]
V  [jvm.dll+0x455421]
C  [jli.dll+0x52ab]
C  [ucrtbase.dll+0x2cd30]
C  [KERNEL32.DLL+0x2e957]
C  [ntdll.dll+0x87c1c]


---------------  P R O C E S S  ---------------

Threads class SMR info:
_java_thread_list=0x00007ffab345b988, length=0, elements={
}

Java Threads: ( => current thread )
Total: 0

Other Threads:
  0x0000028fef4a05d0 WorkerThread "GC Thread#0"                     [id=20296, stack(0x000000bc45e00000,0x000000bc45f00000) (1024K)]
  0x0000028fef4b12b0 ConcurrentGCThread "G1 Main Marker"            [id=23980, stack(0x000000bc45f00000,0x000000bc46000000) (1024K)]
  0x0000028fef4b1db0 WorkerThread "G1 Conc#0"                       [id=2988, stack(0x000000bc46000000,0x000000bc46100000) (1024K)]

[error occurred during error reporting (printing all threads), id 0xc0000005, EXCEPTION_ACCESS_VIOLATION (0xc0000005) at pc=0x00007ffab2c4dee7]
VM state: not at safepoint (not fully initialized)

VM Mutex/Monitor currently owned by a thread:  ([mutex/lock_event])
[0x00007ffab34c8790] Heap_lock - owner thread: 0x0000028fef43f5f0

Heap address: 0x0000000703000000, size: 4048 MB, Compressed Oops mode: Zero based, Oop shift amount: 3

CDS archive(s) mapped at: [0x0000000000000000-0x0000000000000000-0x0000000000000000), size 0, SharedBaseAddress: 0x0000000800000000, ArchiveRelocationMode: 1.
Narrow klass base: 0x0000000000000000, Narrow klass shift: 0, Narrow klass range: 0x0

GC Precious Log:
 CardTable entry size: 512
 Card Set container configuration: InlinePtr #cards 4 size 8 Array Of Cards #cards 16 size 48 Howl #buckets 8 coarsen threshold 3686 Howl Bitmap #cards 512 size 80 coarsen threshold 460 Card regions per heap region 1 cards per card region 4096

Heap:
 garbage-first heap   total 0K, used 0K [0x0000000703000000, 0x0000000800000000)
  region size 2048K, 0 young (0K), 0 survivors (0K)
 Metaspace       used 0K, committed 0K, reserved 0K
  class space    used 0K, committed 0K, reserved 0K

Heap Regions: E=young(eden), S=young(survivor), O=old, HS=humongous(starts), HC=humongous(continues), CS=collection set, F=free, TAMS=top-at-mark-start, PB=parsable bottom

Card table byte_map: [0x0000028ff4f20000,0x0000028ff5710000] _byte_map_base: 0x0000028ff1708000

Marking Bits: (CMBitMap*) 0x0000028fef4a0cd0
 Bits: [0x0000028ff5710000, 0x0000028ff9650000)

GC Heap History (0 events):
No events

Dll operation events (1 events):
Event: 0.046 Loaded shared library C:\Program Files\Android\Android Studio\jbr\bin\java.dll

Deoptimization events (0 events):
No events

Classes loaded (0 events):
No events

Classes unloaded (0 events):
No events

Classes redefined (0 events):
No events

Internal exceptions (0 events):
No events

ZGC Phase Switch (0 events):
No events

VM Operations (0 events):
No events

Memory protections (0 events):
No events

Nmethod flushes (0 events):
No events

Events (0 events):
No events


Dynamic libraries:
0x00007ff7a6240000 - 0x00007ff7a624a000 	C:\Program Files\Android\Android Studio\jbr\bin\java.exe
0x00007ffb64040000 - 0x00007ffb642a6000 	C:\WINDOWS\SYSTEM32\ntdll.dll
0x00007ffb61f50000 - 0x00007ffb62019000 	C:\WINDOWS\System32\KERNEL32.DLL
0x00007ffb61820000 - 0x00007ffb61c1a000 	C:\WINDOWS\System32\KERNELBASE.dll
0x00007ffb616d0000 - 0x00007ffb6181c000 	C:\WINDOWS\System32\ucrtbase.dll
0x00007ffb48580000 - 0x00007ffb48598000 	C:\Program Files\Android\Android Studio\jbr\bin\jli.dll
0x00007ffb62590000 - 0x00007ffb62757000 	C:\WINDOWS\System32\USER32.dll
0x00007ffb61c20000 - 0x00007ffb61c47000 	C:\WINDOWS\System32\win32u.dll
0x00007ffb62db0000 - 0x00007ffb62ddb000 	C:\WINDOWS\System32\GDI32.dll
0x00007ffb612d0000 - 0x00007ffb613fb000 	C:\WINDOWS\System32\gdi32full.dll
0x00007ffb61c50000 - 0x00007ffb61cf3000 	C:\WINDOWS\System32\msvcp_win.dll
0x00007ffb53dd0000 - 0x00007ffb53deb000 	C:\Program Files\Android\Android Studio\jbr\bin\VCRUNTIME140.dll
0x00007ffb41d90000 - 0x00007ffb42022000 	C:\WINDOWS\WinSxS\amd64_microsoft.windows.common-controls_6595b64144ccf1df_6.0.26100.8521_none_3e08b75ce33403b3\COMCTL32.dll
0x00007ffb63100000 - 0x00007ffb631a9000 	C:\WINDOWS\System32\msvcrt.dll
0x00007ffb62aa0000 - 0x00007ffb62ad2000 	C:\WINDOWS\System32\IMM32.DLL
0x00007ffb5dca0000 - 0x00007ffb5dcac000 	C:\Program Files\Android\Android Studio\jbr\bin\vcruntime140_1.dll
0x00007ffb08070000 - 0x00007ffb080fd000 	C:\Program Files\Android\Android Studio\jbr\bin\msvcp140.dll
0x00007ffab2910000 - 0x00007ffab35a6000 	C:\Program Files\Android\Android Studio\jbr\bin\server\jvm.dll
0x00007ffb62f90000 - 0x00007ffb63046000 	C:\WINDOWS\System32\ADVAPI32.dll
0x00007ffb62cd0000 - 0x00007ffb62d7a000 	C:\WINDOWS\System32\sechost.dll
0x00007ffb61e30000 - 0x00007ffb61f48000 	C:\WINDOWS\System32\RPCRT4.dll
0x00007ffb63070000 - 0x00007ffb630f0000 	C:\WINDOWS\System32\WS2_32.dll
0x00007ffb61150000 - 0x00007ffb611ae000 	C:\WINDOWS\SYSTEM32\POWRPROF.dll
0x00007ffb4dfe0000 - 0x00007ffb4e016000 	C:\WINDOWS\SYSTEM32\WINMM.dll
0x00007ffb57870000 - 0x00007ffb5787b000 	C:\WINDOWS\SYSTEM32\VERSION.dll
0x00007ffb61130000 - 0x00007ffb61144000 	C:\WINDOWS\SYSTEM32\UMPDC.dll
0x00007ffb60020000 - 0x00007ffb6003b000 	C:\WINDOWS\SYSTEM32\kernel.appcore.dll
0x00007ffb5ba10000 - 0x00007ffb5ba1a000 	C:\Program Files\Android\Android Studio\jbr\bin\jimage.dll
0x00007ffb5e8d0000 - 0x00007ffb5eb12000 	C:\WINDOWS\SYSTEM32\DBGHELP.DLL
0x00007ffb62020000 - 0x00007ffb623a3000 	C:\WINDOWS\System32\combase.dll
0x00007ffb62de0000 - 0x00007ffb62eb9000 	C:\WINDOWS\System32\OLEAUT32.dll
0x00007ffb59a10000 - 0x00007ffb59a4b000 	C:\WINDOWS\SYSTEM32\dbgcore.DLL
0x00007ffb61d00000 - 0x00007ffb61da8000 	C:\WINDOWS\System32\bcryptPrimitives.dll
0x00007ffb42520000 - 0x00007ffb42540000 	C:\Program Files\Android\Android Studio\jbr\bin\java.dll

JVMTI agents: none

dbghelp: loaded successfully - version: 4.0.5 - missing functions: none
symbol engine: initialized successfully - sym options: 0x614 - pdb path: .;C:\Program Files\Android\Android Studio\jbr\bin;C:\WINDOWS\SYSTEM32;C:\WINDOWS\WinSxS\amd64_microsoft.windows.common-controls_6595b64144ccf1df_6.0.26100.8521_none_3e08b75ce33403b3;C:\Program Files\Android\Android Studio\jbr\bin\server

VM Arguments:
java_command: org.jetbrains.kotlin.cli.jvm.K2JVMCompiler @C:\Users\HP_PC\StudioProjects\covoiturage_benin_app\build\file_selector_android\20260708_3084497951409740562.compiler.options
java_class_path (initial): C:\Users\HP_PC\.gradle\caches\modules-2\files-2.1\org.jetbrains.kotlin\kotlin-compiler-embeddable\2.2.20\bb8331b7585e36ea311825b01a1c06860c055fd1\kotlin-compiler-embeddable-2.2.20.jar;C:\Users\HP_PC\.gradle\caches\modules-2\files-2.1\org.jetbrains.kotlin\kotlin-stdlib\2.2.20\5380b19fa1924399b62ce3a1faffebb2b4f82272\kotlin-stdlib-2.2.20.jar;C:\Users\HP_PC\.gradle\caches\modules-2\files-2.1\org.jetbrains.kotlin\kotlin-script-runtime\2.2.20\4c679cbeac0bb583b75c3a080013da8eaf240807\kotlin-script-runtime-2.2.20.jar;C:\Users\HP_PC\.gradle\caches\modules-2\files-2.1\org.jetbrains.kotlin\kotlin-reflect\1.6.10\1cbe9c92c12a94eea200d23c2bbaedaf3daf5132\kotlin-reflect-1.6.10.jar;C:\Users\HP_PC\.gradle\caches\modules-2\files-2.1\org.jetbrains.kotlin\kotlin-daemon-embeddable\2.2.20\feff12d48d7f1eb628742b0a721395e16f8755bf\kotlin-daemon-embeddable-2.2.20.jar;C:\Users\HP_PC\.gradle\caches\modules-2\files-2.1\org.jetbrains.kotlinx\kotlinx-coroutines-core-jvm\1.8.0\ac1dc37a30a93150b704022f8d895ee1bd3a36b3\kotlinx-coroutines-core-jvm-1.8.0.jar;C:\Users\HP_PC\.gradle\caches\modules-2\files-2.1\org.jetbrains\annotations\13.0\919f0dfe192fb4e063e7dacadee7f8bb9a2672a9\annotations-13.0.jar
Launcher Type: SUN_STANDARD

[Global flags]
     intx CICompilerCount                          = 4                                         {product} {ergonomic}
     uint ConcGCThreads                            = 2                                         {product} {ergonomic}
     uint G1ConcRefinementThreads                  = 8                                         {product} {ergonomic}
   size_t G1HeapRegionSize                         = 2097152                                   {product} {ergonomic}
    uintx GCDrainStackTargetSize                   = 64                                        {product} {ergonomic}
   size_t InitialHeapSize                          = 266338304                                 {product} {ergonomic}
   size_t MarkStackSize                            = 4194304                                   {product} {ergonomic}
   size_t MaxHeapSize                              = 4244635648                                {product} {ergonomic}
   size_t MinHeapDeltaBytes                        = 2097152                                   {product} {ergonomic}
   size_t MinHeapSize                              = 8388608                                   {product} {ergonomic}
    uintx NonNMethodCodeHeapSize                   = 5839372                                {pd product} {ergonomic}
    uintx NonProfiledCodeHeapSize                  = 122909434                              {pd product} {ergonomic}
    uintx ProfiledCodeHeapSize                     = 122909434                              {pd product} {ergonomic}
    uintx ReservedCodeCacheSize                    = 251658240                              {pd product} {ergonomic}
     bool SegmentedCodeCache                       = true                                      {product} {ergonomic}
   size_t SoftMaxHeapSize                          = 4244635648                             {manageable} {ergonomic}
     bool UseCompressedOops                        = true                           {product lp64_product} {ergonomic}
     bool UseG1GC                                  = true                                      {product} {ergonomic}
     bool UseLargePagesIndividualAllocation        = false                                  {pd product} {ergonomic}

Logging:
Log output configuration:
 #0: stdout all=warning uptime,level,tags foldmultilines=false
 #1: stderr all=off uptime,level,tags foldmultilines=false

Release file:
<release file has not been read>
Environment Variables:
JAVA_HOME=C:\Program Files\Android\Android Studio\jbr
CLASSPATH=C:\Users\HP_PC\StudioProjects\covoiturage_benin_app\android\\gradle\wrapper\gradle-wrapper.jar
PATH=C:\Program Files\Android\Android Studio\jbr\bin;C:\Python314\Scripts\;C:\Python314\;C:\WINDOWS\system32;C:\WINDOWS;C:\WINDOWS\System32\Wbem;C:\WINDOWS\System32\WindowsPowerShell\v1.0\;C:\WINDOWS\System32\OpenSSH\;C:\Program Files\Git\cmd;C:\ProgramData\chocolatey\bin;C:\xampp\php;C:\ProgramData\ComposerSetup\bin;%NVM_HOME%;%NVM_SYMLINK%;C:\Users\HP_PC\AppData\Local\Microsoft\WindowsApps;C:\Users\HP_PC\AppData\Local\Programs\Microsoft VS Code\bin;C:\src\flutter\bin;C:\Users\HP_PC\AppData\Roaming\npm;C:\Users\HP_PC\AppData\Local\Android\Sdk\platform-tools;C:\Users\HP_PC\AppData\Roaming\Composer\vendor\bin;C:\Program Files\Android\Android Studio\jbr\bin;C:\Users\HP_PC\AppData\Local\Microsoft\WinGet\Links;C:\Users\HP_PC\AppData\Roaming\nvm;C:\Program Files\nodejs;C:\src\flutter\bin\mingit\cmd;C:\src\flutter\bin\mingit\cmd
USERNAME=HP_PC
OS=Windows_NT
PROCESSOR_IDENTIFIER=Intel64 Family 6 Model 142 Stepping 12, GenuineIntel
TMP=C:\Users\HP_PC\AppData\Local\Temp
TEMP=C:\Users\HP_PC\AppData\Local\Temp




Periodic native trim disabled

JNI global refs:
JNI global refs: 0, weak refs: 0

JNI global refs memory usage: 0, weak refs: 0

Process memory usage:
Resident Set Size: 13024K (0% of 16578856K total physical memory with 1491208K free physical memory)

OOME stack traces (most recent first):
Classloader memory used:

---------------  S Y S T E M  ---------------

OS:
 Windows 11 , 64 bit Build 26100 (10.0.26100.8521)
OS uptime: 0 days 22:03 hours
Hyper-V role detected

CPU: total 8 (initial active 8) (4 cores per cpu, 2 threads per core) family 6 model 142 stepping 12 microcode 0x100, cx8, cmov, fxsr, ht, mmx, 3dnowpref, sse, sse2, sse3, ssse3, sse4.1, sse4.2, popcnt, lzcnt, tsc, tscinvbit, avx, avx2, aes, erms, clmul, bmi1, bmi2, adx, fma, vzeroupper, clflush, clflushopt, hv, rdtscp, f16c
Processor Information for the first 8 processors :
  Max Mhz: 1992, Current Mhz: 1792, Mhz Limit: 1792

Memory: 4k page, system-wide physical 16190M (1456M free)
TotalPageFile size 65342M (AvailPageFile size 234M)
current process WorkingSet (physical memory assigned to process): 12M, peak: 12M
current process commit charge ("private bytes"): 60M, peak: 314M

vm_info: OpenJDK 64-Bit Server VM (21.0.9+-14787801-b1163.94) for windows-amd64 JRE (21.0.9+-14787801-b1163.94), built on 2026-01-27T21:15:44Z by "builder" with MS VC++ 16.10 / 16.11 (VS2019)

END.
